Nov 06, 2023 1:08:32 PM CommandRunner status_log
INFO: No changes
Nov 06, 2023 1:08:37 PM CommandRunner status_log
INFO: No changes
Nov 06, 2023 1:08:39 PM CommandRunner status
INFO: No changes
Nov 06, 2023 1:08:42 PM CommandRunner status_log
INFO: No changes
Nov 06, 2023 1:08:47 PM CommandRunner status_log
INFO: No changes
Nov 06, 2023 1:08:52 PM CommandRunner status_log
INFO: No changes
Nov 06, 2023 1:08:52 PM CommandRunner status_log
INFO: pika\wka.html - created 
Nov 06, 2023 1:08:52 PM CommandRunner status_log
INFO: pika\wka.html - modified 
Nov 06, 2023 1:09:12 PM CommandRunner status_log
INFO: pika\fh.txt - created 
Nov 06, 2023 1:09:17 PM CommandRunner status_log
INFO: pika\fh.txt - modified 
Nov 06, 2023 1:09:17 PM CommandRunner status_log
INFO: pika\wka.html - modified 
Nov 06, 2023 1:09:27 PM CommandRunner status_log
INFO: pika\fh.txt - modified 
Nov 06, 2023 1:09:55 PM CommandRunner commit
INFO: Snapshot updated at 2023-11-06 13:09:55 with message: no changes
Nov 06, 2023 1:10:02 PM CommandRunner status
INFO: Snapshot created at 2023-11-06 13:09:55 with message:no changes
Nov 06, 2023 2:27:07 PM CommandRunner status_log
INFO: No changes
Nov 06, 2023 2:27:12 PM CommandRunner status_log
INFO: No changes
Nov 06, 2023 2:27:15 PM CommandRunner status
INFO: No changes
Nov 06, 2023 2:27:17 PM CommandRunner status_log
INFO: No changes
Nov 06, 2023 2:27:22 PM CommandRunner status_log
INFO: No changes
Nov 06, 2023 2:27:27 PM CommandRunner status_log
INFO: No changes
Nov 06, 2023 2:27:32 PM CommandRunner status_log
INFO: No changes
Nov 06, 2023 2:27:37 PM CommandRunner status_log
INFO: No changes
Nov 06, 2023 2:27:37 PM CommandRunner status_log
INFO: pika\fi.txt - created 
Nov 06, 2023 2:27:47 PM CommandRunner status_log
INFO: pika\ml.py - created 
Nov 06, 2023 2:27:58 PM CommandRunner commit
INFO: Snapshot updated at 2023-11-06 14:27:58 with message: add files
Nov 06, 2023 2:28:08 PM CommandRunner status
INFO: Snapshot updated at 2023-11-06 14:27:58 with message:add files
Nov 06, 2023 2:28:27 PM CommandRunner status_log
INFO: pika\CommandRunner.java - created 
Nov 06, 2023 2:28:27 PM CommandRunner status_log
INFO: pika\CommandRunner.java - modified 
Nov 06, 2023 2:28:37 PM CommandRunner status_log
INFO: pika\fi.txt - deleted 
Nov 06, 2023 2:28:42 PM CommandRunner status
INFO: Snapshot updated at 2023-11-06 14:27:58 with message:add files
Nov 06, 2023 2:29:27 PM CommandRunner status_log
INFO: pika\java.java - created 
Nov 06, 2023 2:29:32 PM CommandRunner status_log
INFO: pika\java.java - modified 
Nov 06, 2023 2:29:47 PM CommandRunner status_log
INFO: pika\java.java - modified 
Nov 06, 2023 2:30:02 PM CommandRunner status_log
INFO: pika\CommandRunner.java - modified 
Nov 06, 2023 2:38:37 PM CommandRunner status_log
INFO: No changes
Nov 06, 2023 2:38:42 PM CommandRunner status_log
INFO: No changes
Nov 06, 2023 2:38:47 PM CommandRunner status_log
INFO: No changes
Nov 06, 2023 2:38:52 PM CommandRunner status_log
INFO: No changes
Nov 06, 2023 2:38:52 PM CommandRunner status_log
INFO: pika\artworks-000658878094-4e3trz-t500x500.jpg - created 
Nov 06, 2023 2:39:18 PM CommandRunner status_log
INFO: pika\12.jpg - created 
